2025-07-04 15:32:05,447 -INFO -Ingesting begin_inventory.csv in db
2025-07-04 15:32:07,039 -INFO -Ingesting end_inventory.csv in db
2025-07-04 15:32:13,765 -INFO -Ingesting purchases.csv in db
2025-07-04 15:32:57,431 -INFO -Ingesting purchase_prices.csv in db
2025-07-04 15:33:31,574 -INFO -Ingesting sales.csv in db
2025-07-04 15:43:02,158 -INFO -Ingesting vendor_invoice.csv in db
2025-07-04 15:43:02,522 -INFO ---------Ingestion complete--------
2025-07-04 15:43:02,523 -INFO -
Total Time Taken: 10.96 in minutes
2025-07-04 16:06:02,325 -INFO -Create Vendor Summary Table.....
2025-07-04 16:06:21,780 -INFO -   VendorNumber                   VendorName  Brand              Description  ...  TotalSalesDollars  TotalSalesPrice TotalExciseTax  FreightCost
0          1128  BROWN-FORMAN CORP             1233  Jack Daniels No 7 Black  ...         5101919.51        672819.31      260999.20     68601.68
1          4425        MARTIGNETTI COMPANIES   3405    Tito's Handmade Vodka  ...         4819073.49        561512.37      294438.66    144929.24
2         17035  PERNOD RICARD USA             8068         Absolut 80 Proof  ...         4538120.60        461140.15      343854.07    123780.22
3          3960  DIAGEO NORTH AMERICA INC      4261   Capt Morgan Spiced Rum  ...         4475972.88        420050.01      368242.80    257032.07
4          3960  DIAGEO NORTH AMERICA INC      3545          Ketel One Vodka  ...         4223107.62        545778.28      249587.83    257032.07

[5 rows x 14 columns]
2025-07-04 16:06:21,795 -INFO -cleaning data....
2025-07-04 16:06:21,828 -INFO -   VendorNumber                VendorName  Brand              Description  ...  gross_profit  profit_margin  stock_turnover  sales_purchase_ratio
0          1128         BROWN-FORMAN CORP   1233  Jack Daniels No 7 Black  ...    1290667.91      25.297693        0.979108              1.338647
1          4425     MARTIGNETTI COMPANIES   3405    Tito's Handmade Vodka  ...    1015032.27      21.062810        0.976890              1.266830
2         17035         PERNOD RICARD USA   8068         Absolut 80 Proof  ...    1119816.92      24.675786        0.998575              1.327594
3          3960  DIAGEO NORTH AMERICA INC   4261   Capt Morgan Spiced Rum  ...    1214774.94      27.139908        0.993703              1.372493
4          3960  DIAGEO NORTH AMERICA INC   3545          Ketel One Vodka  ...    1199901.61      28.412764        0.983556              1.396897

[5 rows x 18 columns]
2025-07-04 16:06:21,838 -INFO -Ingesting Data
2025-07-04 16:06:21,949 -INFO -Completed
